Performing C SOURCE FILE Test CMAKE_HAVE_LIBC_PTHREAD failed with the following output:
Change Dir: /home/clement/Codatatation/algebre_geo/build/CMakeFiles/CMakeTmp

Run Build Command(s):/usr/bin/make cmTC_03403/fast && /usr/bin/make  -f CMakeFiles/cmTC_03403.dir/build.make CMakeFiles/cmTC_03403.dir/build
make[1] : on entre dans le répertoire « /home/clement/Codatatation/algebre_geo/build/CMakeFiles/CMakeTmp »
Building C object CMakeFiles/cmTC_03403.dir/src.c.o
/usr/bin/cc -DCMAKE_HAVE_LIBC_PTHREAD   -o CMakeFiles/cmTC_03403.dir/src.c.o -c /home/clement/Codatatation/algebre_geo/build/CMakeFiles/CMakeTmp/src.c
Linking C executable cmTC_03403
/usr/bin/cmake -E cmake_link_script CMakeFiles/cmTC_03403.dir/link.txt --verbose=1
/usr/bin/cc -rdynamic CMakeFiles/cmTC_03403.dir/src.c.o -o cmTC_03403 
/usr/bin/ld : CMakeFiles/cmTC_03403.dir/src.c.o : dans la fonction « main » :
src.c:(.text+0x3e) : référence indéfinie vers « pthread_create »
/usr/bin/ld : src.c:(.text+0x4a) : référence indéfinie vers « pthread_detach »
/usr/bin/ld : src.c:(.text+0x56) : référence indéfinie vers « pthread_cancel »
/usr/bin/ld : src.c:(.text+0x67) : référence indéfinie vers « pthread_join »
collect2: erreur: ld a retourné le statut de sortie 1
make[1]: *** [CMakeFiles/cmTC_03403.dir/build.make:106 : cmTC_03403] Erreur 1
make[1] : on quitte le répertoire « /home/clement/Codatatation/algebre_geo/build/CMakeFiles/CMakeTmp »
make: *** [Makefile:140 : cmTC_03403/fast] Erreur 2


Source file was:
#include <pthread.h>

static void* test_func(void* data)
{
  return data;
}

int main(void)
{
  pthread_t thread;
  pthread_create(&thread, NULL, test_func, NULL);
  pthread_detach(thread);
  pthread_cancel(thread);
  pthread_join(thread, NULL);
  pthread_atfork(NULL, NULL, NULL);
  pthread_exit(NULL);

  return 0;
}

Determining if the function pthread_create exists in the pthreads failed with the following output:
Change Dir: /home/clement/Codatatation/algebre_geo/build/CMakeFiles/CMakeTmp

Run Build Command(s):/usr/bin/make cmTC_50a1c/fast && /usr/bin/make  -f CMakeFiles/cmTC_50a1c.dir/build.make CMakeFiles/cmTC_50a1c.dir/build
make[1] : on entre dans le répertoire « /home/clement/Codatatation/algebre_geo/build/CMakeFiles/CMakeTmp »
Building C object CMakeFiles/cmTC_50a1c.dir/CheckFunctionExists.c.o
/usr/bin/cc   -DCHECK_FUNCTION_EXISTS=pthread_create -o CMakeFiles/cmTC_50a1c.dir/CheckFunctionExists.c.o -c /usr/share/cmake-3.19/Modules/CheckFunctionExists.c
Linking C executable cmTC_50a1c
/usr/bin/cmake -E cmake_link_script CMakeFiles/cmTC_50a1c.dir/link.txt --verbose=1
/usr/bin/cc  -DCHECK_FUNCTION_EXISTS=pthread_create -rdynamic CMakeFiles/cmTC_50a1c.dir/CheckFunctionExists.c.o -o cmTC_50a1c  -lpthreads 
/usr/bin/ld : ne peut trouver -lpthreads
collect2: erreur: ld a retourné le statut de sortie 1
make[1]: *** [CMakeFiles/cmTC_50a1c.dir/build.make:106 : cmTC_50a1c] Erreur 1
make[1] : on quitte le répertoire « /home/clement/Codatatation/algebre_geo/build/CMakeFiles/CMakeTmp »
make: *** [Makefile:140 : cmTC_50a1c/fast] Erreur 2



